2024-07-07T10:14:42.544Z [32minfo[39m: HTTP POST /todos
2024-07-07T10:14:42.559Z [32minfo[39m: HTTP GET /todos
2024-07-07T10:14:42.569Z [32minfo[39m: HTTP GET /todos/04e54d7e-5adf-41a9-a92e-7d7e767c51eb
2024-07-07T10:14:42.578Z [32minfo[39m: HTTP PUT /todos/04e54d7e-5adf-41a9-a92e-7d7e767c51eb
2024-07-07T10:14:42.590Z [32minfo[39m: HTTP DELETE /todos/04e54d7e-5adf-41a9-a92e-7d7e767c51eb
2024-07-07T10:14:42.599Z [33mwarn[39m: HTTP GET /todos/04e54d7e-5adf-41a9-a92e-7d7e767c51eb
2024-07-07T10:17:35.651Z [32minfo[39m: HTTP POST /todos
2024-07-07T10:17:35.664Z [32minfo[39m: HTTP GET /todos
2024-07-07T10:17:35.673Z [32minfo[39m: HTTP GET /todos/5486c339-d5d5-45d0-8f42-d4d3ea2ec16e
2024-07-07T10:17:35.684Z [32minfo[39m: HTTP PUT /todos/5486c339-d5d5-45d0-8f42-d4d3ea2ec16e
2024-07-07T10:17:35.691Z [32minfo[39m: HTTP DELETE /todos/5486c339-d5d5-45d0-8f42-d4d3ea2ec16e
2024-07-07T10:17:35.701Z [33mwarn[39m: HTTP GET /todos/5486c339-d5d5-45d0-8f42-d4d3ea2ec16e
2024-07-07T10:22:24.404Z [32minfo[39m: HTTP GET /todos
2024-07-07T14:28:06.513Z [32minfo[39m: HTTP GET /todos
2024-07-07T20:06:14.610Z [32minfo[39m: HTTP GET /todos
2024-07-07T20:06:16.625Z [32minfo[39m: HTTP GET /todos
2024-07-07T20:06:20.635Z [32minfo[39m: HTTP GET /todos
2024-07-07T20:09:09.133Z [32minfo[39m: HTTP GET /todos
2024-07-07T20:09:42.808Z [32minfo[39m: HTTP DELETE /todos/5f0adb8b-e5a4-4019-a55f-ca9788deec71
2024-07-07T20:09:42.815Z [32minfo[39m: HTTP GET /todos
2024-07-07T20:09:45.038Z [32minfo[39m: HTTP GET /todos
2024-07-07T20:13:44.948Z [32minfo[39m: HTTP GET /todos
2024-07-07T20:15:50.942Z [32minfo[39m: HTTP GET /todos
2024-07-07T20:23:35.329Z [32minfo[39m: HTTP GET /todos
2024-07-07T20:23:42.163Z [32minfo[39m: HTTP GET /todos
2024-07-07T20:29:31.562Z [32minfo[39m: HTTP GET /todos
2024-07-07T20:31:27.523Z [32minfo[39m: HTTP GET /todos
2024-07-07T20:35:13.514Z [32minfo[39m: HTTP GET /todos
2024-07-07T20:47:54.290Z [32minfo[39m: HTTP GET /todos
2024-07-07T20:54:44.722Z [32minfo[39m: HTTP GET /todos
2024-07-07T20:55:44.944Z [32minfo[39m: HTTP GET /todos
2024-07-07T21:00:09.317Z [32minfo[39m: HTTP GET /todos
2024-07-07T21:02:53.190Z [32minfo[39m: HTTP GET /todos
2024-07-07T21:02:54.855Z [32minfo[39m: HTTP PUT /todos/3c4dbe77-e7ba-4d0e-9f7f-780fea1c6a60
2024-07-07T21:02:54.863Z [32minfo[39m: HTTP GET /todos
2024-07-07T21:02:57.327Z [32minfo[39m: HTTP PUT /todos/3c4dbe77-e7ba-4d0e-9f7f-780fea1c6a60
2024-07-07T21:02:57.331Z [32minfo[39m: HTTP GET /todos
2024-07-07T21:05:14.830Z [32minfo[39m: HTTP GET /todos
2024-07-07T21:05:16.367Z [32minfo[39m: HTTP PUT /todos/3c4dbe77-e7ba-4d0e-9f7f-780fea1c6a60
2024-07-07T21:05:16.371Z [32minfo[39m: HTTP GET /todos
2024-07-07T21:05:17.325Z [32minfo[39m: HTTP PUT /todos/3c4dbe77-e7ba-4d0e-9f7f-780fea1c6a60
2024-07-07T21:05:17.330Z [32minfo[39m: HTTP GET /todos
2024-07-07T21:05:22.895Z [32minfo[39m: HTTP PUT /todos/3c4dbe77-e7ba-4d0e-9f7f-780fea1c6a60
2024-07-07T21:05:22.899Z [32minfo[39m: HTTP GET /todos
2024-07-07T21:05:24.362Z [32minfo[39m: HTTP PUT /todos/3c4dbe77-e7ba-4d0e-9f7f-780fea1c6a60
2024-07-07T21:05:24.366Z [32minfo[39m: HTTP GET /todos
2024-07-07T21:07:17.848Z [32minfo[39m: HTTP PUT /todos/3c4dbe77-e7ba-4d0e-9f7f-780fea1c6a60
2024-07-07T21:07:17.897Z [32minfo[39m: HTTP GET /todos
2024-07-07T21:07:18.942Z [32minfo[39m: HTTP PUT /todos/3c4dbe77-e7ba-4d0e-9f7f-780fea1c6a60
2024-07-07T21:07:18.945Z [32minfo[39m: HTTP GET /todos
2024-07-07T21:08:45.890Z [32minfo[39m: HTTP GET /todos
2024-07-07T21:09:56.753Z [32minfo[39m: HTTP GET /todos
2024-07-07T21:12:12.198Z [32minfo[39m: HTTP GET /todos
2024-07-07T21:12:16.766Z [32minfo[39m: HTTP PUT /todos/3c4dbe77-e7ba-4d0e-9f7f-780fea1c6a60
2024-07-07T21:12:16.771Z [32minfo[39m: HTTP GET /todos
2024-07-07T21:12:18.143Z [32minfo[39m: HTTP PUT /todos/3c4dbe77-e7ba-4d0e-9f7f-780fea1c6a60
2024-07-07T21:12:18.148Z [32minfo[39m: HTTP GET /todos
2024-07-07T21:12:18.641Z [32minfo[39m: HTTP PUT /todos/3c4dbe77-e7ba-4d0e-9f7f-780fea1c6a60
2024-07-07T21:12:18.646Z [32minfo[39m: HTTP GET /todos
2024-07-07T21:12:19.991Z [32minfo[39m: HTTP PUT /todos/3c4dbe77-e7ba-4d0e-9f7f-780fea1c6a60
2024-07-07T21:12:19.998Z [32minfo[39m: HTTP GET /todos
2024-07-07T21:12:25.145Z [32minfo[39m: HTTP PUT /todos/3c4dbe77-e7ba-4d0e-9f7f-780fea1c6a60
2024-07-07T21:12:25.152Z [32minfo[39m: HTTP GET /todos
2024-07-07T21:12:26.345Z [32minfo[39m: HTTP PUT /todos/3c4dbe77-e7ba-4d0e-9f7f-780fea1c6a60
2024-07-07T21:12:26.365Z [32minfo[39m: HTTP GET /todos
2024-07-07T21:15:19.090Z [32minfo[39m: HTTP PUT /todos/3c4dbe77-e7ba-4d0e-9f7f-780fea1c6a60
2024-07-07T21:15:19.096Z [32minfo[39m: HTTP GET /todos
2024-07-07T21:15:20.139Z [32minfo[39m: HTTP PUT /todos/3c4dbe77-e7ba-4d0e-9f7f-780fea1c6a60
2024-07-07T21:15:20.144Z [32minfo[39m: HTTP GET /todos
2024-07-07T21:15:20.642Z [32minfo[39m: HTTP PUT /todos/3c4dbe77-e7ba-4d0e-9f7f-780fea1c6a60
2024-07-07T21:15:20.645Z [32minfo[39m: HTTP GET /todos
2024-07-07T21:15:21.741Z [32minfo[39m: HTTP PUT /todos/3c4dbe77-e7ba-4d0e-9f7f-780fea1c6a60
2024-07-07T21:15:21.746Z [32minfo[39m: HTTP GET /todos
2024-07-07T21:15:22.508Z [32minfo[39m: HTTP PUT /todos/3c4dbe77-e7ba-4d0e-9f7f-780fea1c6a60
2024-07-07T21:15:22.511Z [32minfo[39m: HTTP GET /todos
2024-07-07T21:15:23.542Z [32minfo[39m: HTTP PUT /todos/3c4dbe77-e7ba-4d0e-9f7f-780fea1c6a60
2024-07-07T21:15:23.545Z [32minfo[39m: HTTP GET /todos
2024-07-07T21:16:16.644Z [32minfo[39m: HTTP GET /todos
2024-07-07T21:16:26.037Z [32minfo[39m: HTTP PUT /todos/e25956f9-9499-4124-93e3-16c04b89ac70
2024-07-07T21:16:26.047Z [32minfo[39m: HTTP GET /todos
2024-07-07T21:16:29.944Z [32minfo[39m: HTTP PUT /todos/3c4dbe77-e7ba-4d0e-9f7f-780fea1c6a60
2024-07-07T21:16:29.949Z [32minfo[39m: HTTP GET /todos
2024-07-07T21:16:34.407Z [32minfo[39m: HTTP PUT /todos/3c4dbe77-e7ba-4d0e-9f7f-780fea1c6a60
2024-07-07T21:16:34.411Z [32minfo[39m: HTTP GET /todos
2024-07-07T21:16:51.599Z [32minfo[39m: HTTP PUT /todos/3c4dbe77-e7ba-4d0e-9f7f-780fea1c6a60
2024-07-07T21:16:51.605Z [32minfo[39m: HTTP GET /todos
2024-07-07T21:16:52.557Z [32minfo[39m: HTTP PUT /todos/3c4dbe77-e7ba-4d0e-9f7f-780fea1c6a60
2024-07-07T21:16:52.562Z [32minfo[39m: HTTP GET /todos
2024-07-07T21:16:55.992Z [32minfo[39m: HTTP PUT /todos/3c4dbe77-e7ba-4d0e-9f7f-780fea1c6a60
2024-07-07T21:16:55.997Z [32minfo[39m: HTTP GET /todos
2024-07-07T21:17:03.462Z [32minfo[39m: HTTP PUT /todos/3c4dbe77-e7ba-4d0e-9f7f-780fea1c6a60
2024-07-07T21:17:03.469Z [32minfo[39m: HTTP GET /todos
2024-07-07T21:17:49.690Z [32minfo[39m: HTTP POST /todos
2024-07-07T21:17:49.695Z [32minfo[39m: HTTP GET /todos
2024-07-07T21:17:52.894Z [32minfo[39m: HTTP PUT /todos/26acd12e-8fdb-4783-8cbe-ff674e60cd10
2024-07-07T21:17:52.898Z [32minfo[39m: HTTP GET /todos
2024-07-07T21:17:54.590Z [32minfo[39m: HTTP DELETE /todos/26acd12e-8fdb-4783-8cbe-ff674e60cd10
2024-07-07T21:17:54.596Z [32minfo[39m: HTTP GET /todos
2024-07-07T21:19:36.250Z [32minfo[39m: HTTP GET /todos
2024-07-07T21:21:44.658Z [32minfo[39m: HTTP GET /todos
2024-07-07T21:22:10.702Z [32minfo[39m: HTTP GET /todos
2024-07-07T21:24:54.013Z [32minfo[39m: HTTP GET /todos
2024-07-07T21:29:31.061Z [32minfo[39m: HTTP GET /todos
2024-07-07T21:30:09.399Z [32minfo[39m: HTTP POST /todos
2024-07-07T21:30:09.403Z [32minfo[39m: HTTP GET /todos
2024-07-07T21:31:30.583Z [32minfo[39m: HTTP GET /todos
2024-07-07T21:35:07.527Z [32minfo[39m: HTTP GET /todos
2024-07-07T21:35:42.650Z [32minfo[39m: HTTP GET /todos
2024-07-07T21:38:58.400Z [32minfo[39m: HTTP GET /todos
2024-07-07T21:40:41.663Z [32minfo[39m: HTTP GET /todos
2024-07-07T21:41:45.100Z [32minfo[39m: HTTP GET /todos
2024-07-07T22:43:07.849Z [32minfo[39m: HTTP GET /todos
2024-07-07T22:45:50.033Z [32minfo[39m: HTTP GET /todos
2024-07-07T22:48:41.137Z [32minfo[39m: HTTP GET /todos
2024-07-07T23:44:49.214Z [32minfo[39m: HTTP GET /todos
2024-07-07T23:45:45.537Z [32minfo[39m: HTTP GET /todos
2024-07-07T23:48:36.134Z [32minfo[39m: HTTP GET /todos
2024-07-07T23:49:48.950Z [32minfo[39m: HTTP POST /todos
2024-07-07T23:49:48.954Z [32minfo[39m: HTTP GET /todos
2024-07-07T23:49:51.682Z [32minfo[39m: HTTP DELETE /todos/f831c8ab-e66b-458f-8c05-a3b3827f9601
2024-07-07T23:49:51.689Z [32minfo[39m: HTTP GET /todos
2024-07-07T23:51:11.743Z [32minfo[39m: HTTP GET /todos
2024-07-07T23:52:52.251Z [32minfo[39m: HTTP GET /todos
2024-07-07T23:53:57.812Z [32minfo[39m: HTTP GET /todos
2024-07-07T23:55:27.484Z [32minfo[39m: HTTP GET /todos
2024-07-07T23:56:55.713Z [32minfo[39m: HTTP GET /todos
2024-07-07T23:57:56.723Z [32minfo[39m: HTTP GET /todos
2024-07-07T23:59:38.862Z [32minfo[39m: HTTP GET /todos
2024-07-08T00:01:10.680Z [32minfo[39m: HTTP GET /todos
2024-07-08T00:01:16.288Z [32minfo[39m: HTTP PUT /todos/f063011c-5bc7-4af1-be8d-0004f320796e
2024-07-08T00:01:16.293Z [32minfo[39m: HTTP GET /todos
2024-07-08T00:01:17.295Z [32minfo[39m: HTTP PUT /todos/f063011c-5bc7-4af1-be8d-0004f320796e
2024-07-08T00:01:17.299Z [32minfo[39m: HTTP GET /todos
2024-07-08T00:01:18.008Z [32minfo[39m: HTTP PUT /todos/f063011c-5bc7-4af1-be8d-0004f320796e
2024-07-08T00:01:18.013Z [32minfo[39m: HTTP GET /todos
2024-07-08T00:01:19.459Z [32minfo[39m: HTTP PUT /todos/f063011c-5bc7-4af1-be8d-0004f320796e
2024-07-08T00:01:19.464Z [32minfo[39m: HTTP GET /todos
2024-07-08T00:04:22.143Z [32minfo[39m: HTTP GET /todos
2024-07-08T00:04:24.748Z [32minfo[39m: HTTP GET /todos
2024-07-08T00:06:21.340Z [32minfo[39m: HTTP PUT /todos/f063011c-5bc7-4af1-be8d-0004f320796e
2024-07-08T00:06:21.378Z [32minfo[39m: HTTP GET /todos
2024-07-08T00:06:22.112Z [32minfo[39m: HTTP PUT /todos/f063011c-5bc7-4af1-be8d-0004f320796e
2024-07-08T00:06:22.118Z [32minfo[39m: HTTP GET /todos
2024-07-08T00:06:25.112Z [32minfo[39m: HTTP PUT /todos/f063011c-5bc7-4af1-be8d-0004f320796e
2024-07-08T00:06:25.116Z [32minfo[39m: HTTP GET /todos
2024-07-08T00:07:40.933Z [32minfo[39m: HTTP GET /todos
2024-07-08T00:08:53.594Z [32minfo[39m: HTTP GET /todos
2024-07-08T00:11:16.956Z [32minfo[39m: HTTP GET /todos
2024-07-08T00:13:16.179Z [32minfo[39m: HTTP GET /todos
2024-07-08T00:14:06.133Z [32minfo[39m: HTTP GET /todos
2024-07-08T00:18:50.173Z [32minfo[39m: HTTP GET /todos
2024-07-08T00:19:04.347Z [32minfo[39m: HTTP PUT /todos/f063011c-5bc7-4af1-be8d-0004f320796e
2024-07-08T00:19:04.352Z [32minfo[39m: HTTP GET /todos
2024-07-08T00:19:05.480Z [32minfo[39m: HTTP PUT /todos/f063011c-5bc7-4af1-be8d-0004f320796e
2024-07-08T00:19:05.484Z [32minfo[39m: HTTP GET /todos
2024-07-08T07:54:45.131Z [32minfo[39m: HTTP GET /todos
2024-07-08T07:55:19.864Z [32minfo[39m: HTTP GET /todos
2024-07-08T07:58:42.634Z [32minfo[39m: HTTP GET /todos
2024-07-08T08:03:35.245Z [32minfo[39m: HTTP GET /todos
2024-07-08T08:04:51.089Z [32minfo[39m: HTTP GET /todos
2024-07-08T08:10:44.918Z [32minfo[39m: HTTP GET /todos
2024-07-08T08:13:32.242Z [32minfo[39m: HTTP GET /todos
2024-07-08T08:16:42.047Z [32minfo[39m: HTTP GET /todos
2024-07-08T08:19:01.174Z [32minfo[39m: HTTP GET /todos
2024-07-08T08:20:34.236Z [32minfo[39m: HTTP GET /todos
2024-07-08T08:21:57.406Z [32minfo[39m: HTTP GET /todos
2024-07-08T09:29:45.537Z [32minfo[39m: HTTP GET /todos
2024-07-08T09:30:09.426Z [32minfo[39m: HTTP GET /todos
2024-07-08T09:30:36.039Z [32minfo[39m: HTTP POST /todos
2024-07-08T09:30:36.043Z [32minfo[39m: HTTP GET /todos
2024-07-08T09:31:45.820Z [32minfo[39m: HTTP GET /todos
2024-07-08T09:33:00.692Z [32minfo[39m: HTTP GET /todos
2024-07-08T09:35:12.502Z [32minfo[39m: HTTP GET /todos
2024-07-08T09:37:14.675Z [32minfo[39m: HTTP GET /todos
2024-07-08T09:39:28.081Z [32minfo[39m: HTTP PUT /todos/d80c68fb-10af-4017-adcd-c5ff3f6bc1be
2024-07-08T09:39:28.089Z [32minfo[39m: HTTP GET /todos
2024-07-08T09:54:43.412Z [32minfo[39m: HTTP GET /todos
2024-07-08T10:02:20.264Z [32minfo[39m: HTTP PUT /todos/f6fe9dbb-4e36-4a13-ac6d-c38a0f2962e5
2024-07-08T10:02:20.267Z [32minfo[39m: HTTP GET /todos
2024-07-08T10:02:21.815Z [32minfo[39m: HTTP PUT /todos/f6fe9dbb-4e36-4a13-ac6d-c38a0f2962e5
2024-07-08T10:02:21.818Z [32minfo[39m: HTTP GET /todos
2024-07-08T10:04:53.370Z [32minfo[39m: HTTP GET /todos
2024-07-08T10:27:14.903Z [32minfo[39m: HTTP GET /todos
2024-07-08T10:32:04.388Z [32minfo[39m: HTTP PUT /todos/d80c68fb-10af-4017-adcd-c5ff3f6bc1be
2024-07-08T10:32:04.459Z [32minfo[39m: HTTP GET /todos
2024-07-08T10:32:06.168Z [32minfo[39m: HTTP PUT /todos/d80c68fb-10af-4017-adcd-c5ff3f6bc1be
2024-07-08T10:32:06.171Z [32minfo[39m: HTTP GET /todos
2024-07-08T10:32:07.966Z [32minfo[39m: HTTP PUT /todos/d80c68fb-10af-4017-adcd-c5ff3f6bc1be
2024-07-08T10:32:07.971Z [32minfo[39m: HTTP GET /todos
2024-07-08T10:36:44.170Z [32minfo[39m: HTTP GET /todos
2024-07-08T10:38:04.918Z [32minfo[39m: HTTP GET /todos
2024-07-08T10:38:38.305Z [32minfo[39m: HTTP PUT /todos/d80c68fb-10af-4017-adcd-c5ff3f6bc1be
2024-07-08T10:38:38.308Z [32minfo[39m: HTTP GET /todos
